2025-11-03 00:52:31 - INFO - ============================================================
2025-11-03 00:52:31 - INFO - Starting event artist scraping
2025-11-03 00:52:31 - INFO - ============================================================
2025-11-03 00:52:31 - INFO - Loaded 197 event artists to scrape
2025-11-03 00:52:31 - INFO - Loaded existing map with 961 artists
2025-11-03 00:52:31 - INFO - Already processed: 1
2025-11-03 00:52:31 - INFO - Need to scrape: 196
2025-11-03 00:52:31 - INFO - [1/196] Scraping: 10:30p-7a
2025-11-03 00:52:31 - INFO - Scraping: 10:30p-7a
2025-11-03 00:52:31 - ERROR -   ✗ Error fetching 10:30p-7a: 403 Client Error: Forbidden for url: https://www.music-map.com/10:30p-7a
2025-11-03 00:52:31 - WARNING -   ✗ Error: Failed to fetch page
2025-11-03 00:52:32 - INFO - [2/196] Scraping: 11:59p-3p|Sun
2025-11-03 00:52:32 - INFO - Scraping: 11:59p-3p|Sun
2025-11-03 00:52:32 - ERROR -   ✗ Error fetching 11:59p-3p|Sun: 403 Client Error: Forbidden for url: https://www.music-map.com/11:59p-3p%7Csun
2025-11-03 00:52:32 - WARNING -   ✗ Error: Failed to fetch page
2025-11-03 00:52:33 - INFO - [3/196] Scraping: 9:30p-3a
2025-11-03 00:52:33 - INFO - Scraping: 9:30p-3a
2025-11-03 00:52:34 - ERROR -   ✗ Error fetching 9:30p-3a: 403 Client Error: Forbidden for url: https://www.music-map.com/9:30p-3a
2025-11-03 00:52:34 - WARNING -   ✗ Error: Failed to fetch page
2025-11-03 00:52:35 - INFO - [4/196] Scraping: 9p-3:30a
2025-11-03 00:52:35 - INFO - Scraping: 9p-3:30a
2025-11-03 00:52:35 - ERROR -   ✗ Error fetching 9p-3:30a: 403 Client Error: Forbidden for url: https://www.music-map.com/9p-3:30a
2025-11-03 00:52:35 - WARNING -   ✗ Error: Failed to fetch page
2025-11-03 00:52:36 - INFO - [5/196] Scraping: Adobeprincess
2025-11-03 00:52:36 - INFO - Scraping: Adobeprincess
2025-11-03 00:52:36 - ERROR -   ✗ Error fetching Adobeprincess: 403 Client Error: Forbidden for url: https://www.music-map.com/adobeprincess
2025-11-03 00:52:36 - WARNING -   ✗ Error: Failed to fetch page
2025-11-03 00:52:37 - INFO - [6/196] Scraping: Ageless
2025-11-03 00:52:37 - INFO - Scraping: Ageless
2025-11-03 00:52:37 - ERROR -   ✗ Error fetching Ageless: 403 Client Error: Forbidden for url: https://www.music-map.com/ageless
2025-11-03 00:52:37 - WARNING -   ✗ Error: Failed to fetch page
2025-11-03 00:52:38 - INFO - [7/196] Scraping: Ah Dek
2025-11-03 00:52:38 - INFO - Scraping: Ah Dek
2025-11-03 00:52:38 - ERROR -   ✗ Error fetching Ah Dek: 403 Client Error: Forbidden for url: https://www.music-map.com/ah+dek
2025-11-03 00:52:38 - WARNING -   ✗ Error: Failed to fetch page
2025-11-03 00:52:39 - INFO - [8/196] Scraping: Albert
2025-11-03 00:52:39 - INFO - Scraping: Albert
2025-11-03 00:52:39 - ERROR -   ✗ Error fetching Albert: 403 Client Error: Forbidden for url: https://www.music-map.com/albert
2025-11-03 00:52:39 - WARNING -   ✗ Error: Failed to fetch page
2025-11-03 00:52:40 - INFO - [9/196] Scraping: Alex Maxfine
2025-11-03 00:52:40 - INFO - Scraping: Alex Maxfine
2025-11-03 00:52:40 - ERROR -   ✗ Error fetching Alex Maxfine: 403 Client Error: Forbidden for url: https://www.music-map.com/alex+maxfine
2025-11-03 00:52:40 - WARNING -   ✗ Error: Failed to fetch page
2025-11-03 00:52:41 - INFO - [10/196] Scraping: Ali Berger
2025-11-03 00:52:41 - INFO - Scraping: Ali Berger
2025-11-03 00:52:41 - ERROR -   ✗ Error fetching Ali Berger: 403 Client Error: Forbidden for url: https://www.music-map.com/ali+berger
2025-11-03 00:52:41 - WARNING -   ✗ Error: Failed to fetch page
2025-11-03 00:52:41 - INFO -   💾 Progress saved (10/196)
2025-11-03 00:52:43 - INFO -   ✓ Git commit and push successful
2025-11-03 00:52:44 - INFO - [11/196] Scraping: Ali-k
2025-11-03 00:52:44 - INFO - Scraping: Ali-k
2025-11-03 00:52:44 - ERROR -   ✗ Error fetching Ali-k: 403 Client Error: Forbidden for url: https://www.music-map.com/ali-k
2025-11-03 00:52:44 - WARNING -   ✗ Error: Failed to fetch page
2025-11-03 00:52:45 - INFO - [12/196] Scraping: Aline Umber
2025-11-03 00:52:45 - INFO - Scraping: Aline Umber
2025-11-03 00:52:45 - ERROR -   ✗ Error fetching Aline Umber: 403 Client Error: Forbidden for url: https://www.music-map.com/aline+umber
2025-11-03 00:52:45 - WARNING -   ✗ Error: Failed to fetch page
2025-11-03 00:52:46 - INFO - [13/196] Scraping: Amelia Holt
2025-11-03 00:52:46 - INFO - Scraping: Amelia Holt
2025-11-03 00:52:46 - ERROR -   ✗ Error fetching Amelia Holt: 403 Client Error: Forbidden for url: https://www.music-map.com/amelia+holt
2025-11-03 00:52:46 - WARNING -   ✗ Error: Failed to fetch page
2025-11-03 00:52:47 - INFO - [14/196] Scraping: Amita
2025-11-03 00:52:47 - INFO - Scraping: Amita
2025-11-03 00:52:47 - ERROR -   ✗ Error fetching Amita: 403 Client Error: Forbidden for url: https://www.music-map.com/amita
2025-11-03 00:52:47 - WARNING -   ✗ Error: Failed to fetch page
2025-11-03 00:52:48 - INFO - [15/196] Scraping: Amp
2025-11-03 00:52:48 - INFO - Scraping: Amp
2025-11-03 00:52:48 - ERROR -   ✗ Error fetching Amp: 403 Client Error: Forbidden for url: https://www.music-map.com/amp
2025-11-03 00:52:48 - WARNING -   ✗ Error: Failed to fetch page
2025-11-03 00:52:49 - INFO - [16/196] Scraping: Andy Pry
2025-11-03 00:52:49 - INFO - Scraping: Andy Pry
2025-11-03 00:52:49 - ERROR -   ✗ Error fetching Andy Pry: 403 Client Error: Forbidden for url: https://www.music-map.com/andy+pry
2025-11-03 00:52:49 - WARNING -   ✗ Error: Failed to fetch page
2025-11-03 00:52:51 - INFO - [17/196] Scraping: Archangel
2025-11-03 00:52:51 - INFO - Scraping: Archangel
2025-11-03 00:52:51 - ERROR -   ✗ Error fetching Archangel: 403 Client Error: Forbidden for url: https://www.music-map.com/archangel
2025-11-03 00:52:51 - WARNING -   ✗ Error: Failed to fetch page
2025-11-03 00:52:52 - INFO - [18/196] Scraping: Armana Khan
2025-11-03 00:52:52 - INFO - Scraping: Armana Khan
2025-11-03 00:52:52 - ERROR -   ✗ Error fetching Armana Khan: 403 Client Error: Forbidden for url: https://www.music-map.com/armana+khan
2025-11-03 00:52:52 - WARNING -   ✗ Error: Failed to fetch page
2025-11-03 00:52:53 - INFO - [19/196] Scraping: Basement
2025-11-03 00:52:53 - INFO - Scraping: Basement
2025-11-03 00:52:53 - ERROR -   ✗ Error fetching Basement: 403 Client Error: Forbidden for url: https://www.music-map.com/basement
2025-11-03 00:52:53 - WARNING -   ✗ Error: Failed to fetch page
2025-11-03 00:52:54 - INFO - [20/196] Scraping: Blackberry Knuckleduster
2025-11-03 00:52:54 - INFO - Scraping: Blackberry Knuckleduster
2025-11-03 00:52:54 - ERROR -   ✗ Error fetching Blackberry Knuckleduster: 403 Client Error: Forbidden for url: https://www.music-map.com/blackberry+knuckleduster
2025-11-03 00:52:54 - WARNING -   ✗ Error: Failed to fetch page
2025-11-03 00:52:54 - INFO -   💾 Progress saved (20/196)
2025-11-03 00:52:55 - INFO -   ✓ Git commit and push successful
2025-11-03 00:52:56 - INFO - [21/196] Scraping: Blasia United
2025-11-03 00:52:56 - INFO - Scraping: Blasia United
2025-11-03 00:52:57 - ERROR -   ✗ Error fetching Blasia United: 403 Client Error: Forbidden for url: https://www.music-map.com/blasia+united
2025-11-03 00:52:57 - WARNING -   ✗ Error: Failed to fetch page
2025-11-03 00:52:58 - INFO - [22/196] Scraping: Blessing
2025-11-03 00:52:58 - INFO - Scraping: Blessing
2025-11-03 00:52:58 - ERROR -   ✗ Error fetching Blessing: 403 Client Error: Forbidden for url: https://www.music-map.com/blessing
2025-11-03 00:52:58 - WARNING -   ✗ Error: Failed to fetch page
2025-11-03 00:52:59 - INFO - [23/196] Scraping: Broken Toys
2025-11-03 00:52:59 - INFO - Scraping: Broken Toys
2025-11-03 00:52:59 - ERROR -   ✗ Error fetching Broken Toys: 403 Client Error: Forbidden for url: https://www.music-map.com/broken+toys
2025-11-03 00:52:59 - WARNING -   ✗ Error: Failed to fetch page
2025-11-03 00:53:00 - INFO - [24/196] Scraping: Byrell The Great
2025-11-03 00:53:00 - INFO - Scraping: Byrell The Great
2025-11-03 00:53:00 - ERROR -   ✗ Error fetching Byrell The Great: 403 Client Error: Forbidden for url: https://www.music-map.com/byrell+the+great
2025-11-03 00:53:00 - WARNING -   ✗ Error: Failed to fetch page
2025-11-03 00:53:01 - INFO - [25/196] Scraping: Byron Westbook
2025-11-03 00:53:01 - INFO - Scraping: Byron Westbook
2025-11-03 00:53:01 - ERROR -   ✗ Error fetching Byron Westbook: 403 Client Error: Forbidden for url: https://www.music-map.com/byron+westbook
2025-11-03 00:53:01 - WARNING -   ✗ Error: Failed to fetch page
2025-11-03 00:53:02 - INFO - [26/196] Scraping: Carlos Souffront
2025-11-03 00:53:02 - INFO - Scraping: Carlos Souffront
2025-11-03 00:53:02 - ERROR -   ✗ Error fetching Carlos Souffront: 403 Client Error: Forbidden for url: https://www.music-map.com/carlos+souffront
2025-11-03 00:53:02 - WARNING -   ✗ Error: Failed to fetch page
2025-11-03 00:53:03 - INFO - [27/196] Scraping: Chris Cruse
2025-11-03 00:53:03 - INFO - Scraping: Chris Cruse
2025-11-03 00:53:03 - ERROR -   ✗ Error fetching Chris Cruse: 403 Client Error: Forbidden for url: https://www.music-map.com/chris+cruse
2025-11-03 00:53:03 - WARNING -   ✗ Error: Failed to fetch page
2025-11-03 00:53:04 - INFO - [28/196] Scraping: Chrysalis
2025-11-03 00:53:04 - INFO - Scraping: Chrysalis
2025-11-03 00:53:04 - ERROR -   ✗ Error fetching Chrysalis: 403 Client Error: Forbidden for url: https://www.music-map.com/chrysalis
2025-11-03 00:53:04 - WARNING -   ✗ Error: Failed to fetch page
2025-11-03 00:53:05 - INFO - [29/196] Scraping: Cisne
2025-11-03 00:53:05 - INFO - Scraping: Cisne
2025-11-03 00:53:05 - ERROR -   ✗ Error fetching Cisne: 403 Client Error: Forbidden for url: https://www.music-map.com/cisne
2025-11-03 00:53:05 - WARNING -   ✗ Error: Failed to fetch page
2025-11-03 00:53:06 - INFO - [30/196] Scraping: Cocolyn
2025-11-03 00:53:06 - INFO - Scraping: Cocolyn
2025-11-03 00:53:06 - ERROR -   ✗ Error fetching Cocolyn: 403 Client Error: Forbidden for url: https://www.music-map.com/cocolyn
2025-11-03 00:53:06 - WARNING -   ✗ Error: Failed to fetch page
2025-11-03 00:53:07 - INFO -   💾 Progress saved (30/196)
2025-11-03 00:53:08 - INFO -   ✓ Git commit and push successful
2025-11-03 00:53:09 - INFO - [31/196] Scraping: Concon
2025-11-03 00:53:09 - INFO - Scraping: Concon
2025-11-03 00:53:09 - ERROR -   ✗ Error fetching Concon: 403 Client Error: Forbidden for url: https://www.music-map.com/concon
2025-11-03 00:53:09 - WARNING -   ✗ Error: Failed to fetch page
2025-11-03 00:53:10 - INFO - [32/196] Scraping: Connor Wrong
2025-11-03 00:53:10 - INFO - Scraping: Connor Wrong
2025-11-03 00:53:10 - ERROR -   ✗ Error fetching Connor Wrong: 403 Client Error: Forbidden for url: https://www.music-map.com/connor+wrong
2025-11-03 00:53:10 - WARNING -   ✗ Error: Failed to fetch page
2025-11-03 00:53:11 - INFO - [33/196] Scraping: Cyan Twin
2025-11-03 00:53:11 - INFO - Scraping: Cyan Twin
2025-11-03 00:53:11 - ERROR -   ✗ Error fetching Cyan Twin: 403 Client Error: Forbidden for url: https://www.music-map.com/cyan+twin
2025-11-03 00:53:11 - WARNING -   ✗ Error: Failed to fetch page
2025-11-03 00:53:12 - INFO - [34/196] Scraping: DJ Bone
2025-11-03 00:53:12 - INFO - Scraping: DJ Bone
2025-11-03 00:53:12 - ERROR -   ✗ Error fetching DJ Bone: 403 Client Error: Forbidden for url: https://www.music-map.com/dj+bone
2025-11-03 00:53:12 - WARNING -   ✗ Error: Failed to fetch page
2025-11-03 00:53:13 - INFO - [35/196] Scraping: DJ Chamberlain Zhang
2025-11-03 00:53:13 - INFO - Scraping: DJ Chamberlain Zhang
2025-11-03 00:53:13 - ERROR -   ✗ Error fetching DJ Chamberlain Zhang: 403 Client Error: Forbidden for url: https://www.music-map.com/dj+chamberlain+zhang
2025-11-03 00:53:13 - WARNING -   ✗ Error: Failed to fetch page
2025-11-03 00:53:14 - INFO - [36/196] Scraping: DJ Gay Panic
2025-11-03 00:53:14 - INFO - Scraping: DJ Gay Panic
2025-11-03 00:53:14 - ERROR -   ✗ Error fetching DJ Gay Panic: 403 Client Error: Forbidden for url: https://www.music-map.com/dj+gay+panic
2025-11-03 00:53:14 - WARNING -   ✗ Error: Failed to fetch page
2025-11-03 00:53:15 - INFO - [37/196] Scraping: DJ Miai
2025-11-03 00:53:15 - INFO - Scraping: DJ Miai
2025-11-03 00:53:15 - ERROR -   ✗ Error fetching DJ Miai: 403 Client Error: Forbidden for url: https://www.music-map.com/dj+miai
2025-11-03 00:53:15 - WARNING -   ✗ Error: Failed to fetch page
2025-11-03 00:53:16 - INFO - [38/196] Scraping: DJ Minx
2025-11-03 00:53:16 - INFO - Scraping: DJ Minx
2025-11-03 00:53:17 - ERROR -   ✗ Error fetching DJ Minx: 403 Client Error: Forbidden for url: https://www.music-map.com/dj+minx
2025-11-03 00:53:17 - WARNING -   ✗ Error: Failed to fetch page
2025-11-03 00:53:18 - INFO - [39/196] Scraping: DJ T-100
2025-11-03 00:53:18 - INFO - Scraping: DJ T-100
2025-11-03 00:53:18 - ERROR -   ✗ Error fetching DJ T-100: 403 Client Error: Forbidden for url: https://www.music-map.com/dj+t-100
2025-11-03 00:53:18 - WARNING -   ✗ Error: Failed to fetch page
2025-11-03 00:53:19 - INFO - [40/196] Scraping: DJ Warning
2025-11-03 00:53:19 - INFO - Scraping: DJ Warning
2025-11-03 00:53:19 - ERROR -   ✗ Error fetching DJ Warning: 403 Client Error: Forbidden for url: https://www.music-map.com/dj+warning
2025-11-03 00:53:19 - WARNING -   ✗ Error: Failed to fetch page
2025-11-03 00:53:19 - INFO -   💾 Progress saved (40/196)
2025-11-03 00:53:20 - INFO -   ✓ Git commit and push successful
2025-11-03 00:53:21 - INFO - [41/196] Scraping: Daiyah
2025-11-03 00:53:21 - INFO - Scraping: Daiyah
2025-11-03 00:53:21 - ERROR -   ✗ Error fetching Daiyah: 403 Client Error: Forbidden for url: https://www.music-map.com/daiyah
2025-11-03 00:53:21 - WARNING -   ✗ Error: Failed to fetch page
2025-11-03 00:53:22 - INFO - [42/196] Scraping: Dajun
2025-11-03 00:53:22 - INFO - Scraping: Dajun
2025-11-03 00:53:23 - ERROR -   ✗ Error fetching Dajun: 403 Client Error: Forbidden for url: https://www.music-map.com/dajun
2025-11-03 00:53:23 - WARNING -   ✗ Error: Failed to fetch page
2025-11-03 00:53:24 - INFO - [43/196] Scraping: Daniel Bell
2025-11-03 00:53:24 - INFO - Scraping: Daniel Bell
2025-11-03 00:53:24 - ERROR -   ✗ Error fetching Daniel Bell: 403 Client Error: Forbidden for url: https://www.music-map.com/daniel+bell
2025-11-03 00:53:24 - WARNING -   ✗ Error: Failed to fetch page
2025-11-03 00:53:25 - INFO - [44/196] Scraping: Danny Daze
2025-11-03 00:53:25 - INFO - Scraping: Danny Daze
2025-11-03 00:53:25 - ERROR -   ✗ Error fetching Danny Daze: 403 Client Error: Forbidden for url: https://www.music-map.com/danny+daze
2025-11-03 00:53:25 - WARNING -   ✗ Error: Failed to fetch page
2025-11-03 00:53:26 - INFO - [45/196] Scraping: David Berrie
2025-11-03 00:53:26 - INFO - Scraping: David Berrie
2025-11-03 00:53:26 - ERROR -   ✗ Error fetching David Berrie: 403 Client Error: Forbidden for url: https://www.music-map.com/david+berrie
2025-11-03 00:53:26 - WARNING -   ✗ Error: Failed to fetch page
2025-11-03 00:53:27 - INFO - [46/196] Scraping: Delilah At Night
2025-11-03 00:53:27 - INFO - Scraping: Delilah At Night
2025-11-03 00:53:27 - ERROR -   ✗ Error fetching Delilah At Night: 403 Client Error: Forbidden for url: https://www.music-map.com/delilah+at+night
2025-11-03 00:53:27 - WARNING -   ✗ Error: Failed to fetch page
2025-11-03 00:53:28 - INFO - [47/196] Scraping: Devoye
2025-11-03 00:53:28 - INFO - Scraping: Devoye
2025-11-03 00:53:28 - ERROR -   ✗ Error fetching Devoye: 403 Client Error: Forbidden for url: https://www.music-map.com/devoye
2025-11-03 00:53:28 - WARNING -   ✗ Error: Failed to fetch page
2025-11-03 00:53:29 - INFO - [48/196] Scraping: Diego Teran
2025-11-03 00:53:29 - INFO - Scraping: Diego Teran
2025-11-03 00:53:30 - ERROR -   ✗ Error fetching Diego Teran: 403 Client Error: Forbidden for url: https://www.music-map.com/diego+teran
2025-11-03 00:53:30 - WARNING -   ✗ Error: Failed to fetch page
2025-11-03 00:53:31 - INFO - [49/196] Scraping: Dr. Rubinstein
2025-11-03 00:53:31 - INFO - Scraping: Dr. Rubinstein
2025-11-03 00:53:31 - ERROR -   ✗ Error fetching Dr. Rubinstein: 403 Client Error: Forbidden for url: https://www.music-map.com/dr.+rubinstein
2025-11-03 00:53:31 - WARNING -   ✗ Error: Failed to fetch page
2025-11-03 00:53:32 - INFO - [50/196] Scraping: Dreamcrusher
2025-11-03 00:53:32 - INFO - Scraping: Dreamcrusher
2025-11-03 00:53:32 - ERROR -   ✗ Error fetching Dreamcrusher: 403 Client Error: Forbidden for url: https://www.music-map.com/dreamcrusher
2025-11-03 00:53:32 - WARNING -   ✗ Error: Failed to fetch page
2025-11-03 00:53:32 - INFO -   💾 Progress saved (50/196)
