Loaded 961 artists from my_artists.json
Found 961 artists already processed - skipping them
Will process 0 new artists
Starting scraping process...


============================================================
Scraping complete!
  Already had: 961
  Newly processed: 0
  ✓ Total successful: 291
  ✗ Total errors: 670
  Output: output/similar_artists_map.json
============================================================
Loaded 961 artists from my_artists.json
Found 291 artists already processed - skipping them
Will process 670 new artists
Starting scraping process...

[1/670] Adam McInnis
Scraping: Adam McInnis
  ✗ Artist not found: Adam McInnis
[2/670] Ae:ther
Scraping: Ae:ther
  ✗ Artist not found: Ae:ther
[3/670] Afnan Prince
Scraping: Afnan Prince
  ✗ Artist not found: Afnan Prince
[4/670] Afronaut Zu
Scraping: Afronaut Zu
  ✗ Artist not found: Afronaut Zu
[5/670] Aktive
Scraping: Aktive
  ✗ Artist not found: Aktive
[6/670] Alex Tomb
Scraping: Alex Tomb
  ✗ Artist not found: Alex Tomb
[7/670] Almek
Scraping: Almek
  ✗ Artist not found: Almek
[8/670] Amber of Dirty Projectors
Scraping: Amber of Dirty Projectors
  ✗ Artist not found: Amber of Dirty Projectors
[9/670] Andy Bianchini
Scraping: Andy Bianchini
  ✗ Artist not found: Andy Bianchini
[10/670] Anna Leyne
Scraping: Anna Leyne
  ✗ Artist not found: Anna Leyne
[11/670] Architectural
Scraping: Architectural
  ✗ Artist not found: Architectural
[12/670] Ashibah
Scraping: Ashibah
  ✗ Artist not found: Ashibah
[13/670] Auggië
Scraping: Auggië
  ✗ Artist not found: Auggië
[14/670] Avan7
Scraping: Avan7
  ✗ Artist not found: Avan7
[15/670] Bankewitz
Scraping: Bankewitz
  ✗ Artist not found: Bankewitz
[16/670] Blue Mora
Scraping: Blue Mora
  ✗ Artist not found: Blue Mora
[17/670] Boris Daenen
Scraping: Boris Daenen
  ✗ Artist not found: Boris Daenen
[18/670] CAPSUL
Scraping: CAPSUL
  ✗ Artist not found: CAPSUL
[19/670] Caroline Koch
Scraping: Caroline Koch
  ✗ Artist not found: Caroline Koch
[20/670] Cat Connors
Scraping: Cat Connors
  ✗ Artist not found: Cat Connors
[21/670] Channing
Scraping: Channing
  ✗ Artist not found: Channing
[22/670] Chantal Kashala
Scraping: Chantal Kashala
  ✗ Artist not found: Chantal Kashala
[23/670] Charlotte Puppinck
Scraping: Charlotte Puppinck
  ✗ Artist not found: Charlotte Puppinck
[24/670] Cherry Lena
Scraping: Cherry Lena
  ✗ Artist not found: Cherry Lena
[25/670] Christy Million
Scraping: Christy Million
  ✗ Artist not found: Christy Million
[26/670] Coffee Shop Jungle
Scraping: Coffee Shop Jungle
  ✗ Artist not found: Coffee Shop Jungle
[27/670] Coleman Trapp
Scraping: Coleman Trapp
  ✗ Artist not found: Coleman Trapp
[28/670] Colleen D'agostino
Scraping: Colleen D'agostino
  ✗ Artist not found: Colleen D'agostino
[29/670] Courtney Odom
Scraping: Courtney Odom
  ✗ Artist not found: Courtney Odom
[30/670] Cynematic
Scraping: Cynematic
  ✗ Artist not found: Cynematic
[31/670] D'N'D Productions
Scraping: D'N'D Productions
  ✗ Artist not found: D'N'D Productions
[32/670] D*Minds
Scraping: D*Minds
[33/670] D. Ramirez
Scraping: D. Ramirez
  ✗ Artist not found: D. Ramirez
[34/670] DKDS
Scraping: DKDS
  ✗ Artist not found: DKDS
[35/670] DR. KUCHO!
Scraping: DR. KUCHO!
  ✗ Artist not found: DR. KUCHO!
[36/670] Daddy Waku
Scraping: Daddy Waku
  ✗ Artist not found: Daddy Waku
[37/670] Daisy Guttridge
Scraping: Daisy Guttridge
  ✗ Artist not found: Daisy Guttridge
[38/670] Danger D
Scraping: Danger D
  ✗ Artist not found: Danger D
[39/670] Darianna Everett
Scraping: Darianna Everett
  ✗ Artist not found: Darianna Everett
[40/670] Dark Cities
Scraping: Dark Cities
  ✗ Artist not found: Dark Cities
[41/670] Deadmau5 & Chris Lake
Scraping: Deadmau5 & Chris Lake
  ✗ Artist not found: Deadmau5 & Chris Lake
[42/670] Delpezzo
Scraping: Delpezzo
  ✗ Artist not found: Delpezzo
[43/670] Devon Rivers
Scraping: Devon Rivers
  ✗ Artist not found: Devon Rivers
[44/670] Diane Charlemagne
Scraping: Diane Charlemagne
  ✗ Artist not found: Diane Charlemagne
[45/670] Dj Nibc feat. Awa
Scraping: Dj Nibc feat. Awa
  ✗ Artist not found: Dj Nibc feat. Awa
[46/670] Dnb Portal
Scraping: Dnb Portal
  ✗ Artist not found: Dnb Portal
[47/670] Donnie Sloan
Scraping: Donnie Sloan
  ✗ Artist not found: Donnie Sloan
[48/670] Dr Meaker Feat. Sian Evans
Scraping: Dr Meaker Feat. Sian Evans
  ✗ Artist not found: Dr Meaker Feat. Sian Evans
[49/670] Dread MC
Scraping: Dread MC
  ✗ Artist not found: Dread MC
[50/670] Duckfront
Scraping: Duckfront
  ✗ Artist not found: Duckfront
