2025-11-22 13:11:21 - __main__ - INFO - Fetching events from 2025-11-22 to 2025-12-06
2025-11-22 13:11:21 - __main__ - INFO - Received 254 events from API
2025-11-22 13:11:21 - __main__ - INFO - Successfully transformed 114 events
2025-11-22 13:11:21 - __main__ - INFO - Wrote 114 events to output/edmtrain_events_2025-11-22.json
2025-11-22 17:46:26 - __main__ - INFO - Fetching events from 2025-11-22 to 2025-12-06
2025-11-22 17:46:31 - __main__ - INFO - Received 254 events from API
2025-11-22 17:46:31 - __main__ - WARNING - Skipping event 415753: missing name
2025-11-22 17:46:31 - __main__ - WARNING - Skipping event 417320: missing name
2025-11-22 17:46:31 - __main__ - WARNING - Skipping event 419992: missing name
2025-11-22 17:46:31 - __main__ - WARNING - Skipping event 420195: missing name
2025-11-22 17:46:31 - __main__ - WARNING - Skipping event 424080: missing name
2025-11-22 17:46:31 - __main__ - WARNING - Skipping event 424238: missing name
2025-11-22 17:46:31 - __main__ - WARNING - Skipping event 428048: missing name
2025-11-22 17:46:31 - __main__ - WARNING - Skipping event 429311: missing name
2025-11-22 17:46:31 - __main__ - WARNING - Skipping event 430959: missing name
2025-11-22 17:46:31 - __main__ - WARNING - Skipping event 431933: missing name
2025-11-22 17:46:31 - __main__ - WARNING - Skipping event 434010: missing name
2025-11-22 17:46:31 - __main__ - WARNING - Skipping event 434274: missing name
2025-11-22 17:46:31 - __main__ - WARNING - Skipping event 435104: missing name
2025-11-22 17:46:31 - __main__ - WARNING - Skipping event 435994: missing name
2025-11-22 17:46:31 - __main__ - WARNING - Skipping event 436177: missing name
2025-11-22 17:46:31 - __main__ - WARNING - Skipping event 436236: missing name
2025-11-22 17:46:31 - __main__ - WARNING - Skipping event 436398: missing name
2025-11-22 17:46:31 - __main__ - WARNING - Skipping event 436983: missing name
2025-11-22 17:46:31 - __main__ - WARNING - Skipping event 437040: missing name
2025-11-22 17:46:31 - __main__ - WARNING - Skipping event 437065: missing name
2025-11-22 17:46:31 - __main__ - WARNING - Skipping event 437098: missing name
2025-11-22 17:46:31 - __main__ - WARNING - Skipping event 437172: missing name
2025-11-22 17:46:31 - __main__ - WARNING - Skipping event 437222: missing name
2025-11-22 17:46:31 - __main__ - WARNING - Skipping event 437228: missing name
2025-11-22 17:46:31 - __main__ - WARNING - Skipping event 437229: missing name
2025-11-22 17:46:31 - __main__ - WARNING - Skipping event 444912: missing name
2025-11-22 17:46:31 - __main__ - WARNING - Skipping event 449348: missing name
2025-11-22 17:46:31 - __main__ - WARNING - Skipping event 450063: missing name
2025-11-22 17:46:31 - __main__ - WARNING - Skipping event 451404: missing name
2025-11-22 17:46:31 - __main__ - WARNING - Skipping event 452029: missing name
2025-11-22 17:46:31 - __main__ - WARNING - Skipping event 452188: missing name
2025-11-22 17:46:31 - __main__ - WARNING - Skipping event 453155: missing name
2025-11-22 17:46:31 - __main__ - WARNING - Skipping event 414112: missing name
2025-11-22 17:46:31 - __main__ - WARNING - Skipping event 432706: missing name
2025-11-22 17:46:31 - __main__ - WARNING - Skipping event 436984: missing name
2025-11-22 17:46:31 - __main__ - WARNING - Skipping event 437123: missing name
2025-11-22 17:46:31 - __main__ - WARNING - Skipping event 450014: missing name
2025-11-22 17:46:31 - __main__ - WARNING - Skipping event 452954: missing name
2025-11-22 17:46:31 - __main__ - WARNING - Skipping event 453166: missing name
2025-11-22 17:46:31 - __main__ - WARNING - Skipping event 435260: missing name
2025-11-22 17:46:31 - __main__ - WARNING - Skipping event 435600: missing name
2025-11-22 17:46:31 - __main__ - WARNING - Skipping event 416731: missing name
2025-11-22 17:46:31 - __main__ - WARNING - Skipping event 431432: missing name
2025-11-22 17:46:31 - __main__ - WARNING - Skipping event 431555: missing name
2025-11-22 17:46:31 - __main__ - WARNING - Skipping event 433102: missing name
2025-11-22 17:46:31 - __main__ - WARNING - Skipping event 433134: missing name
2025-11-22 17:46:31 - __main__ - WARNING - Skipping event 433984: missing name
2025-11-22 17:46:31 - __main__ - WARNING - Skipping event 436340: missing name
2025-11-22 17:46:31 - __main__ - WARNING - Skipping event 436368: missing name
2025-11-22 17:46:31 - __main__ - WARNING - Skipping event 436921: missing name
2025-11-22 17:46:31 - __main__ - WARNING - Skipping event 436956: missing name
2025-11-22 17:46:31 - __main__ - WARNING - Skipping event 437066: missing name
2025-11-22 17:46:31 - __main__ - WARNING - Skipping event 449234: missing name
2025-11-22 17:46:31 - __main__ - WARNING - Skipping event 449702: missing name
2025-11-22 17:46:31 - __main__ - WARNING - Skipping event 450285: missing name
2025-11-22 17:46:31 - __main__ - WARNING - Skipping event 433743: missing name
2025-11-22 17:46:31 - __main__ - WARNING - Skipping event 428412: missing name
2025-11-22 17:46:31 - __main__ - WARNING - Skipping event 431317: missing name
2025-11-22 17:46:31 - __main__ - WARNING - Skipping event 435105: missing name
2025-11-22 17:46:31 - __main__ - WARNING - Skipping event 436923: missing name
2025-11-22 17:46:31 - __main__ - WARNING - Skipping event 436948: missing name
2025-11-22 17:46:31 - __main__ - WARNING - Skipping event 437067: missing name
2025-11-22 17:46:31 - __main__ - WARNING - Skipping event 449349: missing name
2025-11-22 17:46:31 - __main__ - WARNING - Skipping event 451164: missing name
2025-11-22 17:46:31 - __main__ - WARNING - Skipping event 452706: missing name
2025-11-22 17:46:31 - __main__ - WARNING - Skipping event 453608: missing name
2025-11-22 17:46:31 - __main__ - WARNING - Skipping event 421834: missing name
2025-11-22 17:46:31 - __main__ - WARNING - Skipping event 431202: missing name
2025-11-22 17:46:31 - __main__ - WARNING - Skipping event 431220: missing name
2025-11-22 17:46:31 - __main__ - WARNING - Skipping event 432073: missing name
2025-11-22 17:46:31 - __main__ - WARNING - Skipping event 432982: missing name
2025-11-22 17:46:31 - __main__ - WARNING - Skipping event 434275: missing name
2025-11-22 17:46:31 - __main__ - WARNING - Skipping event 435106: missing name
2025-11-22 17:46:31 - __main__ - WARNING - Skipping event 436985: missing name
2025-11-22 17:46:31 - __main__ - WARNING - Skipping event 437068: missing name
2025-11-22 17:46:31 - __main__ - WARNING - Skipping event 437086: missing name
2025-11-22 17:46:31 - __main__ - WARNING - Skipping event 449350: missing name
2025-11-22 17:46:31 - __main__ - WARNING - Skipping event 449370: missing name
2025-11-22 17:46:31 - __main__ - WARNING - Skipping event 449797: missing name
2025-11-22 17:46:31 - __main__ - WARNING - Skipping event 451107: missing name
2025-11-22 17:46:31 - __main__ - WARNING - Skipping event 451463: missing name
2025-11-22 17:46:31 - __main__ - WARNING - Skipping event 451539: missing name
2025-11-22 17:46:31 - __main__ - WARNING - Skipping event 451794: missing name
2025-11-22 17:46:31 - __main__ - WARNING - Skipping event 451854: missing name
2025-11-22 17:46:31 - __main__ - WARNING - Skipping event 423373: missing name
2025-11-22 17:46:31 - __main__ - WARNING - Skipping event 436986: missing name
2025-11-22 17:46:31 - __main__ - WARNING - Skipping event 437514: missing name
2025-11-22 17:46:31 - __main__ - WARNING - Skipping event 449775: missing name
2025-11-22 17:46:31 - __main__ - WARNING - Skipping event 453167: missing name
2025-11-22 17:46:31 - __main__ - WARNING - Skipping event 435261: missing name
2025-11-22 17:46:31 - __main__ - WARNING - Skipping event 436987: missing name
2025-11-22 17:46:31 - __main__ - WARNING - Skipping event 453553: missing name
2025-11-22 17:46:31 - __main__ - WARNING - Skipping event 435682: missing name
2025-11-22 17:46:31 - __main__ - WARNING - Skipping event 450031: missing name
2025-11-22 17:46:31 - __main__ - WARNING - Skipping event 452624: missing name
2025-11-22 17:46:31 - __main__ - WARNING - Skipping event 410157: missing name
2025-11-22 17:46:31 - __main__ - WARNING - Skipping event 415945: missing name
2025-11-22 17:46:31 - __main__ - WARNING - Skipping event 418589: missing name
2025-11-22 17:46:31 - __main__ - WARNING - Skipping event 426665: missing name
2025-11-22 17:46:31 - __main__ - WARNING - Skipping event 427512: missing name
2025-11-22 17:46:31 - __main__ - WARNING - Skipping event 427927: missing name
2025-11-22 17:46:31 - __main__ - WARNING - Skipping event 429880: missing name
2025-11-22 17:46:31 - __main__ - WARNING - Skipping event 434224: missing name
2025-11-22 17:46:31 - __main__ - WARNING - Skipping event 435209: missing name
2025-11-22 17:46:31 - __main__ - WARNING - Skipping event 435330: missing name
2025-11-22 17:46:31 - __main__ - WARNING - Skipping event 436314: missing name
2025-11-22 17:46:31 - __main__ - WARNING - Skipping event 436950: missing name
2025-11-22 17:46:31 - __main__ - WARNING - Skipping event 437009: missing name
2025-11-22 17:46:31 - __main__ - WARNING - Skipping event 437426: missing name
2025-11-22 17:46:31 - __main__ - WARNING - Skipping event 449313: missing name
2025-11-22 17:46:31 - __main__ - WARNING - Skipping event 449999: missing name
2025-11-22 17:46:31 - __main__ - WARNING - Skipping event 450986: missing name
2025-11-22 17:46:31 - __main__ - WARNING - Skipping event 451271: missing name
2025-11-22 17:46:31 - __main__ - WARNING - Skipping event 451475: missing name
2025-11-22 17:46:31 - __main__ - WARNING - Skipping event 451573: missing name
2025-11-22 17:46:31 - __main__ - WARNING - Skipping event 451830: missing name
2025-11-22 17:46:31 - __main__ - WARNING - Skipping event 451901: missing name
2025-11-22 17:46:31 - __main__ - WARNING - Skipping event 452038: missing name
2025-11-22 17:46:31 - __main__ - WARNING - Skipping event 452897: missing name
2025-11-22 17:46:31 - __main__ - WARNING - Skipping event 453342: missing name
2025-11-22 17:46:31 - __main__ - WARNING - Skipping event 404400: missing name
2025-11-22 17:46:31 - __main__ - WARNING - Skipping event 411670: missing name
2025-11-22 17:46:31 - __main__ - WARNING - Skipping event 412979: missing name
2025-11-22 17:46:31 - __main__ - WARNING - Skipping event 417168: missing name
2025-11-22 17:46:31 - __main__ - WARNING - Skipping event 425224: missing name
2025-11-22 17:46:31 - __main__ - WARNING - Skipping event 428982: missing name
2025-11-22 17:46:31 - __main__ - WARNING - Skipping event 432047: missing name
2025-11-22 17:46:31 - __main__ - WARNING - Skipping event 434866: missing name
2025-11-22 17:46:31 - __main__ - WARNING - Skipping event 435263: missing name
2025-11-22 17:46:31 - __main__ - WARNING - Skipping event 436348: missing name
2025-11-22 17:46:31 - __main__ - WARNING - Skipping event 436951: missing name
2025-11-22 17:46:31 - __main__ - WARNING - Skipping event 449291: missing name
2025-11-22 17:46:31 - __main__ - WARNING - Skipping event 449314: missing name
2025-11-22 17:46:31 - __main__ - WARNING - Skipping event 450792: missing name
2025-11-22 17:46:31 - __main__ - WARNING - Skipping event 450987: missing name
2025-11-22 17:46:31 - __main__ - WARNING - Skipping event 451058: missing name
2025-11-22 17:46:31 - __main__ - WARNING - Skipping event 453048: missing name
2025-11-22 17:46:31 - __main__ - WARNING - Skipping event 453343: missing name
2025-11-22 17:46:31 - __main__ - WARNING - Skipping event 453586: missing name
2025-11-22 17:46:31 - __main__ - INFO - Successfully transformed 115 events
2025-11-22 17:46:31 - __main__ - INFO - Wrote 115 events to output/edmtrain_events_2025-11-22.json
2025-11-22 17:56:07 - __main__ - INFO - Fetching events from 2025-11-22 to 2025-12-06
2025-11-22 17:56:07 - __main__ - INFO - Received 254 events from API
2025-11-22 17:56:07 - __main__ - INFO - Successfully transformed 254 events
2025-11-22 17:56:07 - __main__ - INFO - Wrote 254 events to output/edmtrain_events_2025-11-22.json
